Started GET "/" for ::1 at 2021-02-28 19:20:52 -0800
  [1m[35m (28.3ms)[0m  [1m[34mSELECT sqlite_version(*)[0m
  [1m[35m (18.2ms)[0m  [1m[35mCREATE TABLE "schema_migrations" ("version" varchar NOT NULL PRIMARY KEY)[0m
  [1m[35m (17.6ms)[0m  [1m[35mCREATE TABLE "ar_internal_metadata" ("key" varchar NOT NULL PRIMARY KEY, "value" varchar, "created_at" datetime(6) NOT NULL, "updated_at" datetime(6) NOT NULL)[0m
  [1m[35m (0.5ms)[0m  [1m[34mSELECT "schema_migrations"."version" FROM "schema_migrations" ORDER BY "schema_migrations"."version" ASC[0m
  
ActiveRecord::PendingMigrationError (

Migrations are pending. To resolve this issue, run:

        bin/rails db:migrate RAILS_ENV=development

You have 4 pending migrations:

20210228010801_create_users.rb
20210228011205_create_photos.rb
20210228011325_create_comments.rb
20210228011937_load_data.rb


):
  
activerecord (6.1.3) lib/active_record/migration.rb:625:in `check_pending!'
activerecord (6.1.3) lib/active_record/migration.rb:590:in `block (2 levels) in call'
activesupport (6.1.3) lib/active_support/file_update_checker.rb:83:in `execute'
activerecord (6.1.3) lib/active_record/migration.rb:595:in `block in call'
activerecord (6.1.3) lib/active_record/migration.rb:587:in `synchronize'
activerecord (6.1.3) lib/active_record/migration.rb:587:in `call'
actionpack (6.1.3) lib/action_dispatch/middleware/callbacks.rb:27:in `block in call'
activesupport (6.1.3) lib/active_support/callbacks.rb:98:in `run_callbacks'
actionpack (6.1.3) lib/action_dispatch/middleware/callbacks.rb:26:in `call'
actionpack (6.1.3) lib/action_dispatch/middleware/executor.rb:14:in `call'
actionpack (6.1.3) lib/action_dispatch/middleware/actionable_exceptions.rb:18:in `call'
actionpack (6.1.3) lib/action_dispatch/middleware/debug_exceptions.rb:29:in `call'
web-console (4.1.0) lib/web_console/middleware.rb:132:in `call_app'
web-console (4.1.0) lib/web_console/middleware.rb:28:in `block in call'
web-console (4.1.0) lib/web_console/middleware.rb:17:in `catch'
web-console (4.1.0) lib/web_console/middleware.rb:17:in `call'
actionpack (6.1.3) lib/action_dispatch/middleware/show_exceptions.rb:33:in `call'
railties (6.1.3) lib/rails/rack/logger.rb:37:in `call_app'
railties (6.1.3) lib/rails/rack/logger.rb:26:in `block in call'
activesupport (6.1.3) lib/active_support/tagged_logging.rb:99:in `block in tagged'
activesupport (6.1.3) lib/active_support/tagged_logging.rb:37:in `tagged'
activesupport (6.1.3) lib/active_support/tagged_logging.rb:99:in `tagged'
railties (6.1.3) lib/rails/rack/logger.rb:26:in `call'
sprockets-rails (3.2.2) lib/sprockets/rails/quiet_assets.rb:13:in `call'
actionpack (6.1.3) lib/action_dispatch/middleware/remote_ip.rb:81:in `call'
actionpack (6.1.3) lib/action_dispatch/middleware/request_id.rb:26:in `call'
rack (2.2.3) lib/rack/method_override.rb:24:in `call'
rack (2.2.3) lib/rack/runtime.rb:22:in `call'
activesupport (6.1.3) lib/active_support/cache/strategy/local_cache_middleware.rb:29:in `call'
actionpack (6.1.3) lib/action_dispatch/middleware/executor.rb:14:in `call'
actionpack (6.1.3) lib/action_dispatch/middleware/static.rb:24:in `call'
rack (2.2.3) lib/rack/sendfile.rb:110:in `call'
actionpack (6.1.3) lib/action_dispatch/middleware/host_authorization.rb:98:in `call'
rack-mini-profiler (2.3.1) lib/mini_profiler/profiler.rb:373:in `call'
webpacker (5.2.1) lib/webpacker/dev_server_proxy.rb:25:in `perform_request'
rack-proxy (0.6.5) lib/rack/proxy.rb:57:in `call'
railties (6.1.3) lib/rails/engine.rb:539:in `call'
puma (5.2.1) lib/puma/configuration.rb:247:in `call'
puma (5.2.1) lib/puma/request.rb:76:in `block in handle_request'
puma (5.2.1) lib/puma/thread_pool.rb:337:in `with_force_shutdown'
puma (5.2.1) lib/puma/request.rb:75:in `handle_request'
puma (5.2.1) lib/puma/server.rb:431:in `process_client'
puma (5.2.1) lib/puma/thread_pool.rb:145:in `block in spawn_thread'
Started GET "/user/index" for ::1 at 2021-02-28 19:21:01 -0800
  [1m[35m (0.2ms)[0m  [1m[34mSELECT "schema_migrations"."version" FROM "schema_migrations" ORDER BY "schema_migrations"."version" ASC[0m
  [1m[35mCACHE  (0.0ms)[0m  [1m[34mSELECT "schema_migrations"."version" FROM "schema_migrations" ORDER BY "schema_migrations"."version" ASC[0m
  
ActiveRecord::PendingMigrationError (

Migrations are pending. To resolve this issue, run:

        bin/rails db:migrate RAILS_ENV=development

You have 4 pending migrations:

20210228010801_create_users.rb
20210228011205_create_photos.rb
20210228011325_create_comments.rb
20210228011937_load_data.rb


):
  
activerecord (6.1.3) lib/active_record/migration.rb:625:in `check_pending!'
activerecord (6.1.3) lib/active_record/migration.rb:590:in `block (2 levels) in call'
activesupport (6.1.3) lib/active_support/file_update_checker.rb:83:in `execute'
activerecord (6.1.3) lib/active_record/migration.rb:595:in `block in call'
activerecord (6.1.3) lib/active_record/migration.rb:587:in `synchronize'
activerecord (6.1.3) lib/active_record/migration.rb:587:in `call'
actionpack (6.1.3) lib/action_dispatch/middleware/callbacks.rb:27:in `block in call'
activesupport (6.1.3) lib/active_support/callbacks.rb:98:in `run_callbacks'
actionpack (6.1.3) lib/action_dispatch/middleware/callbacks.rb:26:in `call'
actionpack (6.1.3) lib/action_dispatch/middleware/executor.rb:14:in `call'
actionpack (6.1.3) lib/action_dispatch/middleware/actionable_exceptions.rb:18:in `call'
actionpack (6.1.3) lib/action_dispatch/middleware/debug_exceptions.rb:29:in `call'
web-console (4.1.0) lib/web_console/middleware.rb:132:in `call_app'
web-console (4.1.0) lib/web_console/middleware.rb:28:in `block in call'
web-console (4.1.0) lib/web_console/middleware.rb:17:in `catch'
web-console (4.1.0) lib/web_console/middleware.rb:17:in `call'
actionpack (6.1.3) lib/action_dispatch/middleware/show_exceptions.rb:33:in `call'
railties (6.1.3) lib/rails/rack/logger.rb:37:in `call_app'
railties (6.1.3) lib/rails/rack/logger.rb:26:in `block in call'
activesupport (6.1.3) lib/active_support/tagged_logging.rb:99:in `block in tagged'
activesupport (6.1.3) lib/active_support/tagged_logging.rb:37:in `tagged'
activesupport (6.1.3) lib/active_support/tagged_logging.rb:99:in `tagged'
railties (6.1.3) lib/rails/rack/logger.rb:26:in `call'
sprockets-rails (3.2.2) lib/sprockets/rails/quiet_assets.rb:13:in `call'
actionpack (6.1.3) lib/action_dispatch/middleware/remote_ip.rb:81:in `call'
actionpack (6.1.3) lib/action_dispatch/middleware/request_id.rb:26:in `call'
rack (2.2.3) lib/rack/method_override.rb:24:in `call'
rack (2.2.3) lib/rack/runtime.rb:22:in `call'
activesupport (6.1.3) lib/active_support/cache/strategy/local_cache_middleware.rb:29:in `call'
actionpack (6.1.3) lib/action_dispatch/middleware/executor.rb:14:in `call'
actionpack (6.1.3) lib/action_dispatch/middleware/static.rb:24:in `call'
rack (2.2.3) lib/rack/sendfile.rb:110:in `call'
actionpack (6.1.3) lib/action_dispatch/middleware/host_authorization.rb:98:in `call'
rack-mini-profiler (2.3.1) lib/mini_profiler/profiler.rb:373:in `call'
webpacker (5.2.1) lib/webpacker/dev_server_proxy.rb:25:in `perform_request'
rack-proxy (0.6.5) lib/rack/proxy.rb:57:in `call'
railties (6.1.3) lib/rails/engine.rb:539:in `call'
puma (5.2.1) lib/puma/configuration.rb:247:in `call'
puma (5.2.1) lib/puma/request.rb:76:in `block in handle_request'
puma (5.2.1) lib/puma/thread_pool.rb:337:in `with_force_shutdown'
puma (5.2.1) lib/puma/request.rb:75:in `handle_request'
puma (5.2.1) lib/puma/server.rb:431:in `process_client'
puma (5.2.1) lib/puma/thread_pool.rb:145:in `block in spawn_thread'
Started GET "/user/index" for ::1 at 2021-02-28 19:21:05 -0800
  [1m[35m (0.2ms)[0m  [1m[34mSELECT "schema_migrations"."version" FROM "schema_migrations" ORDER BY "schema_migrations"."version" ASC[0m
  [1m[35mCACHE  (0.0ms)[0m  [1m[34mSELECT "schema_migrations"."version" FROM "schema_migrations" ORDER BY "schema_migrations"."version" ASC[0m
  
ActiveRecord::PendingMigrationError (

Migrations are pending. To resolve this issue, run:

        bin/rails db:migrate RAILS_ENV=development

You have 4 pending migrations:

20210228010801_create_users.rb
20210228011205_create_photos.rb
20210228011325_create_comments.rb
20210228011937_load_data.rb


):
  
activerecord (6.1.3) lib/active_record/migration.rb:625:in `check_pending!'
activerecord (6.1.3) lib/active_record/migration.rb:590:in `block (2 levels) in call'
activesupport (6.1.3) lib/active_support/file_update_checker.rb:83:in `execute'
activerecord (6.1.3) lib/active_record/migration.rb:595:in `block in call'
activerecord (6.1.3) lib/active_record/migration.rb:587:in `synchronize'
activerecord (6.1.3) lib/active_record/migration.rb:587:in `call'
actionpack (6.1.3) lib/action_dispatch/middleware/callbacks.rb:27:in `block in call'
activesupport (6.1.3) lib/active_support/callbacks.rb:98:in `run_callbacks'
actionpack (6.1.3) lib/action_dispatch/middleware/callbacks.rb:26:in `call'
actionpack (6.1.3) lib/action_dispatch/middleware/executor.rb:14:in `call'
actionpack (6.1.3) lib/action_dispatch/middleware/actionable_exceptions.rb:18:in `call'
actionpack (6.1.3) lib/action_dispatch/middleware/debug_exceptions.rb:29:in `call'
web-console (4.1.0) lib/web_console/middleware.rb:132:in `call_app'
web-console (4.1.0) lib/web_console/middleware.rb:28:in `block in call'
web-console (4.1.0) lib/web_console/middleware.rb:17:in `catch'
web-console (4.1.0) lib/web_console/middleware.rb:17:in `call'
actionpack (6.1.3) lib/action_dispatch/middleware/show_exceptions.rb:33:in `call'
railties (6.1.3) lib/rails/rack/logger.rb:37:in `call_app'
railties (6.1.3) lib/rails/rack/logger.rb:26:in `block in call'
activesupport (6.1.3) lib/active_support/tagged_logging.rb:99:in `block in tagged'
activesupport (6.1.3) lib/active_support/tagged_logging.rb:37:in `tagged'
activesupport (6.1.3) lib/active_support/tagged_logging.rb:99:in `tagged'
railties (6.1.3) lib/rails/rack/logger.rb:26:in `call'
sprockets-rails (3.2.2) lib/sprockets/rails/quiet_assets.rb:13:in `call'
actionpack (6.1.3) lib/action_dispatch/middleware/remote_ip.rb:81:in `call'
actionpack (6.1.3) lib/action_dispatch/middleware/request_id.rb:26:in `call'
rack (2.2.3) lib/rack/method_override.rb:24:in `call'
rack (2.2.3) lib/rack/runtime.rb:22:in `call'
activesupport (6.1.3) lib/active_support/cache/strategy/local_cache_middleware.rb:29:in `call'
actionpack (6.1.3) lib/action_dispatch/middleware/executor.rb:14:in `call'
actionpack (6.1.3) lib/action_dispatch/middleware/static.rb:24:in `call'
rack (2.2.3) lib/rack/sendfile.rb:110:in `call'
actionpack (6.1.3) lib/action_dispatch/middleware/host_authorization.rb:98:in `call'
rack-mini-profiler (2.3.1) lib/mini_profiler/profiler.rb:373:in `call'
webpacker (5.2.1) lib/webpacker/dev_server_proxy.rb:25:in `perform_request'
rack-proxy (0.6.5) lib/rack/proxy.rb:57:in `call'
railties (6.1.3) lib/rails/engine.rb:539:in `call'
puma (5.2.1) lib/puma/configuration.rb:247:in `call'
puma (5.2.1) lib/puma/request.rb:76:in `block in handle_request'
puma (5.2.1) lib/puma/thread_pool.rb:337:in `with_force_shutdown'
puma (5.2.1) lib/puma/request.rb:75:in `handle_request'
puma (5.2.1) lib/puma/server.rb:431:in `process_client'
puma (5.2.1) lib/puma/thread_pool.rb:145:in `block in spawn_thread'
  [1m[35m (0.8ms)[0m  [1m[34mSELECT sqlite_version(*)[0m
  [1m[35m (0.6ms)[0m  [1m[34mSELECT "schema_migrations"."version" FROM "schema_migrations" ORDER BY "schema_migrations"."version" ASC[0m
Migrating to CreateUsers (20210228010801)
  [1m[36mTRANSACTION (0.1ms)[0m  [1m[36mbegin transaction[0m
  [1m[35m (1.7ms)[0m  [1m[35mCREATE TABLE "users" ("id" integer PRIMARY KEY AUTOINCREMENT NOT NULL, "first_name" varchar, "last_name" varchar, "created_at" datetime(6) NOT NULL, "updated_at" datetime(6) NOT NULL)[0m
  [1m[36mActiveRecord::SchemaMigration Create (0.2ms)[0m  [1m[32mINSERT INTO "schema_migrations" ("version") VALUES (?)[0m  [["version", "20210228010801"]]
  [1m[36mTRANSACTION (13.8ms)[0m  [1m[36mcommit transaction[0m
Migrating to CreatePhotos (20210228011205)
  [1m[36mTRANSACTION (0.1ms)[0m  [1m[36mbegin transaction[0m
  [1m[35m (1.2ms)[0m  [1m[35mCREATE TABLE "photos" ("id" integer PRIMARY KEY AUTOINCREMENT NOT NULL, "user_id" integer, "date_time" datetime, "file_name" varchar, "created_at" datetime(6) NOT NULL, "updated_at" datetime(6) NOT NULL)[0m
  [1m[36mActiveRecord::SchemaMigration Create (0.2ms)[0m  [1m[32mINSERT INTO "schema_migrations" ("version") VALUES (?)[0m  [["version", "20210228011205"]]
  [1m[36mTRANSACTION (18.4ms)[0m  [1m[36mcommit transaction[0m
Migrating to CreateComments (20210228011325)
  [1m[36mTRANSACTION (0.1ms)[0m  [1m[36mbegin transaction[0m
  [1m[35m (0.9ms)[0m  [1m[35mCREATE TABLE "comments" ("id" integer PRIMARY KEY AUTOINCREMENT NOT NULL, "photo_id" integer, "user_id" integer, "date_time" datetime, "comment_text" varchar, "created_at" datetime(6) NOT NULL, "updated_at" datetime(6) NOT NULL)[0m
  [1m[36mActiveRecord::SchemaMigration Create (0.2ms)[0m  [1m[32mINSERT INTO "schema_migrations" ("version") VALUES (?)[0m  [["version", "20210228011325"]]
  [1m[36mTRANSACTION (9.0ms)[0m  [1m[36mcommit transaction[0m
Migrating to LoadData (20210228011937)
  [1m[36mTRANSACTION (0.1ms)[0m  [1m[36mbegin transaction[0m
  [1m[36mComment Destroy (0.7ms)[0m  [1m[31mDELETE FROM "comments"[0m
  [1m[36mPhoto Destroy (0.1ms)[0m  [1m[31mDELETE FROM "photos"[0m
  [1m[36mUser Destroy (0.1ms)[0m  [1m[31mDELETE FROM "users"[0m
  [1m[36mUser Create (0.3ms)[0m  [1m[32mINSERT INTO "users" ("first_name", "last_name", "created_at", "updated_at") VALUES (?, ?, ?, ?)[0m  [["first_name", "Justin"], ["last_name", "Bieber"], ["created_at", "2021-03-01 03:21:41.907530"], ["updated_at", "2021-03-01 03:21:41.907530"]]
  [1m[36mUser Create (0.1ms)[0m  [1m[32mINSERT INTO "users" ("first_name", "last_name", "created_at", "updated_at") VALUES (?, ?, ?, ?)[0m  [["first_name", "Paris"], ["last_name", "Hilton"], ["created_at", "2021-03-01 03:21:41.910422"], ["updated_at", "2021-03-01 03:21:41.910422"]]
  [1m[36mUser Create (0.1ms)[0m  [1m[32mINSERT INTO "users" ("first_name", "last_name", "created_at", "updated_at") VALUES (?, ?, ?, ?)[0m  [["first_name", "Megan"], ["last_name", "Trainor"], ["created_at", "2021-03-01 03:21:41.912164"], ["updated_at", "2021-03-01 03:21:41.912164"]]
  [1m[36mUser Create (0.1ms)[0m  [1m[32mINSERT INTO "users" ("first_name", "last_name", "created_at", "updated_at") VALUES (?, ?, ?, ?)[0m  [["first_name", "Barack"], ["last_name", "Obama"], ["created_at", "2021-03-01 03:21:41.913362"], ["updated_at", "2021-03-01 03:21:41.913362"]]
  [1m[36mUser Create (0.1ms)[0m  [1m[32mINSERT INTO "users" ("first_name", "last_name", "created_at", "updated_at") VALUES (?, ?, ?, ?)[0m  [["first_name", "Santa"], ["last_name", "Claus"], ["created_at", "2021-03-01 03:21:41.914721"], ["updated_at", "2021-03-01 03:21:41.914721"]]
  [1m[36mUser Create (0.1ms)[0m  [1m[32mINSERT INTO "users" ("first_name", "last_name", "created_at", "updated_at") VALUES (?, ?, ?, ?)[0m  [["first_name", "John"], ["last_name", "Ousterhout"], ["created_at", "2021-03-01 03:21:41.916145"], ["updated_at", "2021-03-01 03:21:41.916145"]]
  [1m[36mPhoto Create (0.1ms)[0m  [1m[32mINSERT INTO "photos" ("user_id", "date_time", "file_name", "created_at", "updated_at") VALUES (?, ?, ?, ?, ?)[0m  [["user_id", 6], ["date_time", "2012-08-30 10:44:23"], ["file_name", "ouster.jpg"], ["created_at", "2021-03-01 03:21:41.964015"], ["updated_at", "2021-03-01 03:21:41.964015"]]
  [1m[36mPhoto Create (0.1ms)[0m  [1m[32mINSERT INTO "photos" ("user_id", "date_time", "file_name", "created_at", "updated_at") VALUES (?, ?, ?, ?, ?)[0m  [["user_id", 1], ["date_time", "2009-09-13 20:00:00"], ["file_name", "bieber1.jpg"], ["created_at", "2021-03-01 03:21:41.966806"], ["updated_at", "2021-03-01 03:21:41.966806"]]
  [1m[36mPhoto Create (0.3ms)[0m  [1m[32mINSERT INTO "photos" ("user_id", "date_time", "file_name", "created_at", "updated_at") VALUES (?, ?, ?, ?, ?)[0m  [["user_id", 1], ["date_time", "2009-09-13 20:05:03"], ["file_name", "bieber2.jpg"], ["created_at", "2021-03-01 03:21:41.968810"], ["updated_at", "2021-03-01 03:21:41.968810"]]
  [1m[36mPhoto Create (0.1ms)[0m  [1m[32mINSERT INTO "photos" ("user_id", "date_time", "file_name", "created_at", "updated_at") VALUES (?, ?, ?, ?, ?)[0m  [["user_id", 2], ["date_time", "2013-11-18 18:02:00"], ["file_name", "hilton1.jpg"], ["created_at", "2021-03-01 03:21:41.971376"], ["updated_at", "2021-03-01 03:21:41.971376"]]
  [1m[36mPhoto Create (0.4ms)[0m  [1m[32mINSERT INTO "photos" ("user_id", "date_time", "file_name", "created_at", "updated_at") VALUES (?, ?, ?, ?, ?)[0m  [["user_id", 2], ["date_time", "2013-09-20 17:30:00"], ["file_name", "hilton2.jpg"], ["created_at", "2021-03-01 03:21:41.973354"], ["updated_at", "2021-03-01 03:21:41.973354"]]
  [1m[36mPhoto Create (0.2ms)[0m  [1m[32mINSERT INTO "photos" ("user_id", "date_time", "file_name", "created_at", "updated_at") VALUES (?, ?, ?, ?, ?)[0m  [["user_id", 4], ["date_time", "2009-07-10 16:02:49"], ["file_name", "obama1.jpg"], ["created_at", "2021-03-01 03:21:41.976356"], ["updated_at", "2021-03-01 03:21:41.976356"]]
  [1m[36mPhoto Create (0.2ms)[0m  [1m[32mINSERT INTO "photos" ("user_id", "date_time", "file_name", "created_at", "updated_at") VALUES (?, ?, ?, ?, ?)[0m  [["user_id", 4], ["date_time", "2010-03-18 23:48:00"], ["file_name", "obama2.jpg"], ["created_at", "2021-03-01 03:21:41.979456"], ["updated_at", "2021-03-01 03:21:41.979456"]]
  [1m[36mPhoto Create (0.1ms)[0m  [1m[32mINSERT INTO "photos" ("user_id", "date_time", "file_name", "created_at", "updated_at") VALUES (?, ?, ?, ?, ?)[0m  [["user_id", 4], ["date_time", "2010-08-30 14:26:00"], ["file_name", "obama3.jpg"], ["created_at", "2021-03-01 03:21:41.982715"], ["updated_at", "2021-03-01 03:21:41.982715"]]
  [1m[36mPhoto Create (0.2ms)[0m  [1m[32mINSERT INTO "photos" ("user_id", "date_time", "file_name", "created_at", "updated_at") VALUES (?, ?, ?, ?, ?)[0m  [["user_id", 3], ["date_time", "2013-12-03 09:02:00"], ["file_name", "megan1.jpg"], ["created_at", "2021-03-01 03:21:41.984661"], ["updated_at", "2021-03-01 03:21:41.984661"]]
  [1m[36mPhoto Create (0.3ms)[0m  [1m[32mINSERT INTO "photos" ("user_id", "date_time", "file_name", "created_at", "updated_at") VALUES (?, ?, ?, ?, ?)[0m  [["user_id", 3], ["date_time", "2013-12-03 09:03:00"], ["file_name", "megan2.jpg"], ["created_at", "2021-03-01 03:21:41.986817"], ["updated_at", "2021-03-01 03:21:41.986817"]]
  [1m[36mPhoto Create (0.2ms)[0m  [1m[32mINSERT INTO "photos" ("user_id", "date_time", "file_name", "created_at", "updated_at") VALUES (?, ?, ?, ?, ?)[0m  [["user_id", 5], ["date_time", "2013-09-04 09:16:32"], ["file_name", "santa1.jpg"], ["created_at", "2021-03-01 03:21:41.989612"], ["updated_at", "2021-03-01 03:21:41.989612"]]
  [1m[36mPhoto Create (0.2ms)[0m  [1m[32mINSERT INTO "photos" ("user_id", "date_time", "file_name", "created_at", "updated_at") VALUES (?, ?, ?, ?, ?)[0m  [["user_id", 4], ["date_time", "2013-10-16 17:12:28"], ["file_name", "obama4.jpg"], ["created_at", "2021-03-01 03:21:41.992603"], ["updated_at", "2021-03-01 03:21:41.992603"]]
  [1m[36mComment Create (0.1ms)[0m  [1m[32mINSERT INTO "comments" ("photo_id", "user_id", "date_time", "comment_text", "created_at", "updated_at") VALUES (?, ?, ?, ?, ?, ?)[0m  [["photo_id", 1], ["user_id", 6], ["date_time", "2012-09-02 14:01:00"], ["comment_text", "Learning new programming languages is hard..."], ["created_at", "2021-03-01 03:21:42.043605"], ["updated_at", "2021-03-01 03:21:42.043605"]]
  [1m[36mComment Create (0.2ms)[0m  [1m[32mINSERT INTO "comments" ("photo_id", "user_id", "date_time", "comment_text", "created_at", "updated_at") VALUES (?, ?, ?, ?, ?, ?)[0m  [["photo_id", 1], ["user_id", 6], ["date_time", "2013-09-06 14:02:00"], ["comment_text", "This is another comment, with a bit more text; if the text gets long enough, does it wrap properly from line to line?"], ["created_at", "2021-03-01 03:21:42.046209"], ["updated_at", "2021-03-01 03:21:42.046209"]]
  [1m[36mComment Create (0.1ms)[0m  [1m[32mINSERT INTO "comments" ("photo_id", "user_id", "date_time", "comment_text", "created_at", "updated_at") VALUES (?, ?, ?, ?, ?, ?)[0m  [["photo_id", 1], ["user_id", 6], ["date_time", "2013-09-08 14:06:00"], ["comment_text", "If you see this text in <b>boldface</b> then HTML escaping isn't working properly."], ["created_at", "2021-03-01 03:21:42.048696"], ["updated_at", "2021-03-01 03:21:42.048696"]]
  [1m[36mComment Create (0.1ms)[0m  [1m[32mINSERT INTO "comments" ("photo_id", "user_id", "date_time", "comment_text", "created_at", "updated_at") VALUES (?, ?, ?, ?, ?, ?)[0m  [["photo_id", 2], ["user_id", 1], ["date_time", "2009-09-14 18:07:00"], ["comment_text", "No, people, she is *not* my mom.  She's my date."], ["created_at", "2021-03-01 03:21:42.050259"], ["updated_at", "2021-03-01 03:21:42.050259"]]
  [1m[36mComment Create (0.1ms)[0m  [1m[32mINSERT INTO "comments" ("photo_id", "user_id", "date_time", "comment_text", "created_at", "updated_at") VALUES (?, ?, ?, ?, ?, ?)[0m  [["photo_id", 5], ["user_id", 6], ["date_time", "2013-11-28 17:45:13"], ["comment_text", "I came up with lots of comments for this photo, but unfortunately none of them are printable."], ["created_at", "2021-03-01 03:21:42.051723"], ["updated_at", "2021-03-01 03:21:42.051723"]]
  [1m[36mComment Create (0.1ms)[0m  [1m[32mINSERT INTO "comments" ("photo_id", "user_id", "date_time", "comment_text", "created_at", "updated_at") VALUES (?, ?, ?, ?, ?, ?)[0m  [["photo_id", 7], ["user_id", 2], ["date_time", "2013-11-02 14:07:00"], ["comment_text", "Hey Barack, great form! Can u give me some bowling tips? xxoo Paris"], ["created_at", "2021-03-01 03:21:42.053097"], ["updated_at", "2021-03-01 03:21:42.053097"]]
  [1m[36mComment Create (0.2ms)[0m  [1m[32mINSERT INTO "comments" ("photo_id", "user_id", "date_time", "comment_text", "created_at", "updated_at") VALUES (?, ?, ?, ?, ?, ?)[0m  [["photo_id", 7], ["user_id", 4], ["date_time", "2013-11-02 14:07:00"], ["comment_text", "Sure, let's get together when Lindsay gets out of rehab and I get healthcare.gov working."], ["created_at", "2021-03-01 03:21:42.054729"], ["updated_at", "2021-03-01 03:21:42.054729"]]
  [1m[36mComment Create (0.2ms)[0m  [1m[32mINSERT INTO "comments" ("photo_id", "user_id", "date_time", "comment_text", "created_at", "updated_at") VALUES (?, ?, ?, ?, ?, ?)[0m  [["photo_id", 8], ["user_id", 4], ["date_time", "2010-09-06 13:59:33"], ["comment_text", "We're off to a Justin Bieber concert"], ["created_at", "2021-03-01 03:21:42.057804"], ["updated_at", "2021-03-01 03:21:42.057804"]]
  [1m[36mComment Create (0.2ms)[0m  [1m[32mINSERT INTO "comments" ("photo_id", "user_id", "date_time", "comment_text", "created_at", "updated_at") VALUES (?, ?, ?, ?, ?, ?)[0m  [["photo_id", 12], ["user_id", 4], ["date_time", "2013-10-16 18:04:55"], ["comment_text", "He kept trying to tell me that healthcare.gov is fixed, but I could see as plain as day that they forgot a </div>. Can anyone tell me why we're building this site in Java instead of Rails?"], ["created_at", "2021-03-01 03:21:42.060968"], ["updated_at", "2021-03-01 03:21:42.060968"]]
  [1m[36mComment Create (0.2ms)[0m  [1m[32mINSERT INTO "comments" ("photo_id", "user_id", "date_time", "comment_text", "created_at", "updated_at") VALUES (?, ?, ?, ?, ?, ?)[0m  [["photo_id", 10], ["user_id", 3], ["date_time", "2013-12-04 13:12:00"], ["comment_text", "To all my fans, I just want to say how Iam all about that base."], ["created_at", "2021-03-01 03:21:42.063871"], ["updated_at", "2021-03-01 03:21:42.063871"]]
  [1m[36mComment Create (0.1ms)[0m  [1m[32mINSERT INTO "comments" ("photo_id", "user_id", "date_time", "comment_text", "created_at", "updated_at") VALUES (?, ?, ?, ?, ?, ?)[0m  [["photo_id", 11], ["user_id", 5], ["date_time", "2013-09-04 10:14:32"], ["comment_text", "I'm going to be watching how well you do in CS 6320!"], ["created_at", "2021-03-01 03:21:42.066553"], ["updated_at", "2021-03-01 03:21:42.066553"]]
  [1m[36mActiveRecord::SchemaMigration Create (0.2ms)[0m  [1m[32mINSERT INTO "schema_migrations" ("version") VALUES (?)[0m  [["version", "20210228011937"]]
  [1m[36mTRANSACTION (9.5ms)[0m  [1m[36mcommit transaction[0m
  [1m[36mActiveRecord::InternalMetadata Load (0.3ms)[0m  [1m[34mSELECT "ar_internal_metadata".* FROM "ar_internal_metadata" WHERE "ar_internal_metadata"."key" = ? LIMIT ?[0m  [["key", "environment"], ["LIMIT", 1]]
  [1m[36mTRANSACTION (0.1ms)[0m  [1m[36mbegin transaction[0m
  [1m[36mActiveRecord::InternalMetadata Create (0.8ms)[0m  [1m[32mINSERT INTO "ar_internal_metadata" ("key", "value", "created_at", "updated_at") VALUES (?, ?, ?, ?)[0m  [["key", "environment"], ["value", "development"], ["created_at", "2021-03-01 03:21:42.094828"], ["updated_at", "2021-03-01 03:21:42.094828"]]
  [1m[36mTRANSACTION (13.5ms)[0m  [1m[36mcommit transaction[0m
  [1m[35m (0.0ms)[0m  [1m[34mSELECT sqlite_version(*)[0m
  [1m[35m (0.3ms)[0m  [1m[34mSELECT "schema_migrations"."version" FROM "schema_migrations" ORDER BY "schema_migrations"."version" ASC[0m
Started GET "/user/index" for ::1 at 2021-02-28 19:21:52 -0800
  [1m[35m (0.1ms)[0m  [1m[34mSELECT sqlite_version(*)[0m
  [1m[35m (0.4ms)[0m  [1m[34mSELECT "schema_migrations"."version" FROM "schema_migrations" ORDER BY "schema_migrations"."version" ASC[0m
Processing by UserController#index as HTML
  Rendering layout layouts/application.html.erb
  Rendering user/index.html.erb within layouts/application
  [1m[36mUser Load (0.5ms)[0m  [1m[34mSELECT "users".* FROM "users"[0m
  ↳ app/views/user/index.html.erb:7
  Rendered user/index.html.erb within layouts/application (Duration: 14.1ms | Allocations: 4382)
[Webpacker] Compiling...
[Webpacker] Compilation failed:
yarn run v1.22.10
info Visit https://yarnpkg.com/en/docs/cli/run for documentation about this command.


error Command "webpack" not found.

  Rendered layout layouts/application.html.erb (Duration: 4637.0ms | Allocations: 43453)
Completed 500 Internal Server Error in 4708ms (ActiveRecord: 2.0ms | Allocations: 47753)


  
ActionView::Template::Error (Webpacker can't find application.js in C:/Users/STSC/SPRING 2021/651 Web Systems/photoshare-master/photoshare-master/public/packs/manifest.json. Possible causes:
1. You want to set webpacker.yml value of compile to true for your environment
   unless you are using the `webpack -w` or the webpack-dev-server.
2. webpack has not yet re-run to reflect updates.
3. You have misconfigured Webpacker's config/webpacker.yml file.
4. Your webpack configuration is not creating a manifest.
Your manifest contains:
{
}
):
     7:     <%= csp_meta_tag %>
     8: 
     9:     <%= stylesheet_link_tag 'application', media: 'all', 'data-turbolinks-track': 'reload' %>
    10:     <%= javascript_pack_tag 'application', 'data-turbolinks-track': 'reload' %>
    11:   </head>
    12: 
    13:   <body>
  
app/views/layouts/application.html.erb:10
Started GET "/" for ::1 at 2021-02-28 19:25:55 -0800
  [1m[35m (1.4ms)[0m  [1m[34mSELECT sqlite_version(*)[0m
  [1m[35m (0.6ms)[0m  [1m[34mSELECT "schema_migrations"."version" FROM "schema_migrations" ORDER BY "schema_migrations"."version" ASC[0m
Processing by Rails::WelcomeController#index as HTML
  Rendering C:/Ruby27-x64/lib/ruby/gems/2.7.0/gems/railties-6.1.3/lib/rails/templates/rails/welcome/index.html.erb
  Rendered C:/Ruby27-x64/lib/ruby/gems/2.7.0/gems/railties-6.1.3/lib/rails/templates/rails/welcome/index.html.erb (Duration: 9.0ms | Allocations: 339)
Completed 200 OK in 60ms (Views: 13.3ms | ActiveRecord: 0.0ms | Allocations: 2521)


Started GET "/user/index" for ::1 at 2021-02-28 19:26:21 -0800
Processing by UserController#index as HTML
  Rendering layout layouts/application.html.erb
  Rendering user/index.html.erb within layouts/application
  [1m[36mUser Load (0.6ms)[0m  [1m[34mSELECT "users".* FROM "users"[0m
  ↳ app/views/user/index.html.erb:7
  Rendered user/index.html.erb within layouts/application (Duration: 16.1ms | Allocations: 4299)
[Webpacker] Compiling...
[Webpacker] Compiled all packs in C:/Users/STSC/SPRING 2021/651 Web Systems/photoshare-master/photoshare-master/public/packs
[Webpacker] Hash: e332c6419728fac579d5
Version: webpack 4.46.0
Time: 3597ms
Built at: 02/28/2021 7:26:29 PM
                                     Asset       Size       Chunks                         Chunk Names
    js/application-f826770d917d8a37c1d8.js    125 KiB  application  [emitted] [immutable]  application
js/application-f826770d917d8a37c1d8.js.map    139 KiB  application  [emitted] [dev]        application
                             manifest.json  364 bytes               [emitted]              
Entrypoint application = js/application-f826770d917d8a37c1d8.js js/application-f826770d917d8a37c1d8.js.map
[./app/javascript/channels sync recursive _channel\.js$] ./app/javascript/channels sync _channel\.js$ 160 bytes {application} [built]
[./app/javascript/channels/index.js] 211 bytes {application} [built]
[./app/javascript/packs/application.js] 492 bytes {application} [built]
[./node_modules/webpack/buildin/module.js] (webpack)/buildin/module.js 552 bytes {application} [built]
    + 3 hidden modules

  Rendered layout layouts/application.html.erb (Duration: 9173.0ms | Allocations: 21885)
Completed 200 OK in 9188ms (Views: 9179.3ms | ActiveRecord: 1.9ms | Allocations: 24873)


Started GET "/photo/index/1" for ::1 at 2021-02-28 19:26:37 -0800
Processing by PhotoController#index as HTML
  Parameters: {"id"=>"1"}
  [1m[36mUser Load (0.3ms)[0m  [1m[34mSELECT "users".* FROM "users" WHERE "users"."id" = ? LIMIT ?[0m  [["id", 1], ["LIMIT", 1]]
  ↳ app/controllers/photo_controller.rb:4:in `index'
  Rendering layout layouts/application.html.erb
  Rendering photo/index.html.erb within layouts/application
  [1m[36mPhoto Load (0.4ms)[0m  [1m[34mSELECT "photos".* FROM "photos" WHERE "photos"."user_id" = ?[0m  [["user_id", 1]]
  ↳ app/views/photo/index.html.erb:24
  [1m[36mComment Load (0.8ms)[0m  [1m[34mSELECT "comments".* FROM "comments" WHERE "comments"."user_id" = ? AND (photo_id=2)[0m  [["user_id", 1]]
  ↳ app/views/photo/index.html.erb:32
  [1m[36mUser Load (0.2ms)[0m  [1m[34mSELECT "users".* FROM "users" WHERE "users"."id" = ? LIMIT ?[0m  [["id", 1], ["LIMIT", 1]]
  ↳ app/controllers/photo_controller.rb:18:in `commented_by'
  [1m[36mComment Load (0.3ms)[0m  [1m[34mSELECT "comments".* FROM "comments" WHERE "comments"."user_id" = ? AND (photo_id=3)[0m  [["user_id", 1]]
  ↳ app/views/photo/index.html.erb:32
  Rendered photo/index.html.erb within layouts/application (Duration: 37.2ms | Allocations: 10053)
[Webpacker] Everything's up-to-date. Nothing to do
  Rendered layout layouts/application.html.erb (Duration: 79.6ms | Allocations: 14862)
Completed 200 OK in 98ms (Views: 81.3ms | ActiveRecord: 4.4ms | Allocations: 19064)


